<?xml version="1.0" encoding="UTF-8"?>
<testsuites>
  <testsuite name="" tests="7" assertions="14" failures="0" errors="0" time="0.211969">
    <testsuite name="HashPbkdf2Test" file="/home/travis/build/eloquent/pbkdf2-compat/test/suite/HashPbkdf2Test.php" tests="7" assertions="14" failures="0" errors="0" time="0.211969">
      <testsuite name="HashPbkdf2Test::testHashPbkdf2" tests="7" assertions="14" failures="0" errors="0" time="0.211969">
        <testcase name="testHashPbkdf2 with data set &quot;RFC test vector #1&quot;" assertions="2" time="0.005594"/>
        <testcase name="testHashPbkdf2 with data set &quot;RFC test vector #2&quot;" assertions="2" time="0.003167"/>
        <testcase name="testHashPbkdf2 with data set &quot;RFC test vector #3&quot;" assertions="2" time="0.057802"/>
        <testcase name="testHashPbkdf2 with data set &quot;RFC test vector #5&quot;" assertions="2" time="0.086027"/>
        <testcase name="testHashPbkdf2 with data set &quot;RFC test vector #6&quot;" assertions="2" time="0.053498"/>
        <testcase name="testHashPbkdf2 with data set &quot;Default length&quot;" assertions="2" time="0.002953"/>
        <testcase name="testHashPbkdf2 with data set &quot;Alternate hashing algorithm&quot;" assertions="2" time="0.002928"/>
      </testsuite>
    </testsuite>
  </testsuite>
</testsuites>
